<?xml version="1.0" encoding="UTF-8" ?>
<testsuite failures="0" time="0.062" errors="0" skipped="0" tests="10" name="com.bemach.labguide.lab2.MultipleOfThreeAndFiveUseParameterizedTest">
  <properties>
[...]
</properties>
  <testcase time="0" classname="com.bemach.labguide.lab2.MultipleOfThreeAndFiveUseParameterizedTest" name="shouldCreateAnObject[0]"/>
  <testcase time="0.001" classname="com.bemach.labguide.lab2.MultipleOfThreeAndFiveUseParameterizedTest" name="shouldValidateForMultipleOfThreeOrFive[0]"/>
  <testcase time="0.001" classname="com.bemach.labguide.lab2.MultipleOfThreeAndFiveUseParameterizedTest" name="shouldCreateAnObject[1]"/>
  <testcase time="0.001" classname="com.bemach.labguide.lab2.MultipleOfThreeAndFiveUseParameterizedTest" name="shouldValidateForMultipleOfThreeOrFive[1]"/>
  <testcase time="0.001" classname="com.bemach.labguide.lab2.MultipleOfThreeAndFiveUseParameterizedTest" name="shouldCreateAnObject[2]"/>
  <testcase time="0" classname="com.bemach.labguide.lab2.MultipleOfThreeAndFiveUseParameterizedTest" name="shouldValidateForMultipleOfThreeOrFive[2]"/>
  <testcase time="0.001" classname="com.bemach.labguide.lab2.MultipleOfThreeAndFiveUseParameterizedTest" name="shouldCreateAnObject[3]"/>
  <testcase time="0" classname="com.bemach.labguide.lab2.MultipleOfThreeAndFiveUseParameterizedTest" name="shouldValidateForMultipleOfThreeOrFive[3]"/>
  <testcase time="0.001" classname="com.bemach.labguide.lab2.MultipleOfThreeAndFiveUseParameterizedTest" name="shouldCreateAnObject[4]"/>
  <testcase time="0" classname="com.bemach.labguide.lab2.MultipleOfThreeAndFiveUseParameterizedTest" name="shouldValidateForMultipleOfThreeOrFive[4]"/>
</testsuite>