<?xml version="1.0" encoding="UTF-8" ?>
<testsuite failures="0" time="5.718" errors="0" skipped="0" tests="4" name="com.bemach.labguide.RunCukesTest">
  <properties>
[...]
</properties>
  <testcase time="0.001" classname="Given that a customer exists with &quot;EASTC&quot;, &quot;Eastern Connection&quot;, &quot;Ann Devon&quot;, &quot;Sales Agent&quot;, and &quot;(171) 555-0297&quot;(Scenario: Getting a customer record by a given customer ID)" name="Given that a customer exists with &quot;EASTC&quot;, &quot;Eastern Connection&quot;, &quot;Ann Devon&quot;, &quot;Sales Agent&quot;, and &quot;"/>
  <testcase time="0" classname="Scenario: Getting a customer record by a given customer ID" name="When I call MongoRS service with a given &quot;EASTC&quot;"/>
  <testcase time="0.001" classname="Then I should receive a customer record with &quot;EASTC&quot;, &quot;Eastern Connection&quot;, &quot;Ann Devon&quot;, &quot;Sales Agent&quot;, and &quot;(171) 555-0297&quot;(Scenario: Getting a customer record by a given customer ID)" name="Then I should receive a customer record with &quot;EASTC&quot;, &quot;Eastern Connection&quot;, &quot;Ann Devon&quot;, &quot;Sales Agent&quot;, and &quot;"/>
  <testcase time="0.005" classname="Scenario: Getting a customer record by a given customer ID" name="Scenario: Getting a customer record by a given customer ID"/>
</testsuite>