<?xml version="1.0" encoding="UTF-8" ?>
<testsuite failures="0" time="96.506" errors="0" skipped="0" tests="113" name="com.bemach.labguide.RunLab10Cukes">
  <properties>
[...]
</properties>
  <testcase time="0.002" classname="Scenario: Adopting one puppy from the website" name="Given I am on the puppy adoption site &quot;http://localhost:3000&quot;"/>
  <testcase time="0" classname="Scenario: Adopting one puppy from the website" name="When I click the View Details button for &quot;Brook&quot;"/>
  <testcase time="0.001" classname="Scenario: Adopting one puppy from the website" name="And I click the Adopt Me! button"/>
  <testcase time="0" classname="Scenario: Adopting one puppy from the website" name="And I click the Complete the Adoption button"/>
  <testcase time="0" classname="Scenario: Adopting one puppy from the website" name="And I complete the adoption using this information &quot;Mr. Cheezy&quot;, &quot;123 Main Street&quot;, &quot;cheezy@mail.com&quot;, &quot;Check&quot;"/>
  <testcase time="0" classname="Scenario: Adopting one puppy from the website" name="Then I should see &quot;Thank you for adopting a puppy!&quot;"/>
  <testcase time="0.003" classname="Scenario: Adopting one puppy from the website" name="Scenario: Adopting one puppy from the website"/>
  <testcase time="0" classname="Scenario: Adopting one puppy from the website" name="Given I am on the puppy adoption site &quot;http://localhost:3000&quot;"/>
  <testcase time="0" classname="Scenario: Adopting one puppy from the website" name="When I click the View Details button for &quot;Brook&quot;"/>
  <testcase time="0" classname="Scenario: Adopting one puppy from the website" name="And I click the Adopt Me! button"/>
  <testcase time="0.001" classname="Scenario: Adopting one puppy from the website" name="And I click the Complete the Adoption button"/>
  <testcase time="0" classname="Scenario: Adopting one puppy from the website" name="And I complete the adoption with:"/>
  <testcase time="0" classname="Scenario: Adopting one puppy from the website" name="Then I should see &quot;Thank you for adopting a puppy!&quot;"/>
  <testcase time="0.002" classname="Scenario: Adopting one puppy from the website" name="Scenario: Adopting one puppy from the website"/>
  <testcase time="0.001" classname="Scenario: Adopting two puppies from the website" name="Given I am on the puppy adoption site &quot;http://localhost:3000&quot;"/>
  <testcase time="0" classname="Scenario: Adopting two puppies from the website" name="When I complete adopting these puppies:"/>
  <testcase time="0" classname="Scenario: Adopting two puppies from the website" name="And I complete the adoption using this information &quot;Mr. Cheezy&quot;, &quot;123 Main Street&quot;, &quot;cheezy@mail.com&quot;, &quot;Check&quot;"/>
  <testcase time="0" classname="Scenario: Adopting two puppies from the website" name="Then I should see &quot;Thank you for adopting a puppy!&quot;"/>
  <testcase time="0.158" classname="Scenario: Adopting two puppies from the website" name="Scenario: Adopting two puppies from the website"/>
  <testcase time="0" classname="| Brook | Check |" name="Given I am on the puppy adoption site &quot;http://localhost:3000&quot;"/>
  <testcase time="0" classname="| Brook | Check |" name="When I click the View Details button for &quot;Brook&quot;"/>
  <testcase time="0" classname="| Brook | Check |" name="And I click the Adopt Me! button"/>
  <testcase time="0" classname="| Brook | Check |" name="And I click the Complete the Adoption button"/>
  <testcase time="0.001" classname="| Brook | Check |" name="And I complete the adoption with &quot;Check&quot;:"/>
  <testcase time="0" classname="| Brook | Check |" name="Then I should see &quot;Thank you for adopting a puppy!&quot;"/>
  <testcase time="0.002" classname="| Brook | Check |" name="| Brook | Check |"/>
  <testcase time="0" classname="| Hanna | Credit card |" name="Given I am on the puppy adoption site &quot;http://localhost:3000&quot;"/>
  <testcase time="0.001" classname="| Hanna | Credit card |" name="When I click the View Details button for &quot;Hanna&quot;"/>
  <testcase time="0" classname="| Hanna | Credit card |" name="And I click the Adopt Me! button"/>
  <testcase time="0" classname="| Hanna | Credit card |" name="And I click the Complete the Adoption button"/>
  <testcase time="0" classname="| Hanna | Credit card |" name="And I complete the adoption with &quot;Credit card&quot;:"/>
  <testcase time="0" classname="| Hanna | Credit card |" name="Then I should see &quot;Thank you for adopting a puppy!&quot;"/>
  <testcase time="0.002" classname="| Hanna | Credit card |" name="| Hanna | Credit card |"/>
  <testcase time="0" classname="| Ruby Sue | Purchase order |" name="Given I am on the puppy adoption site &quot;http://localhost:3000&quot;"/>
  <testcase time="0" classname="| Ruby Sue | Purchase order |" name="When I click the View Details button for &quot;Ruby Sue&quot;"/>
  <testcase time="0.001" classname="| Ruby Sue | Purchase order |" name="And I click the Adopt Me! button"/>
  <testcase time="0" classname="| Ruby Sue | Purchase order |" name="And I click the Complete the Adoption button"/>
  <testcase time="0" classname="| Ruby Sue | Purchase order |" name="And I complete the adoption with &quot;Purchase order&quot;:"/>
  <testcase time="0" classname="| Ruby Sue | Purchase order |" name="Then I should see &quot;Thank you for adopting a puppy!&quot;"/>
  <testcase time="0.001" classname="| Ruby Sue | Purchase order |" name="| Ruby Sue | Purchase order |"/>
  <testcase time="0" classname="Scenario: Adopting two puppies from the website" name="Given I am on the puppy adoption site &quot;http://localhost:3000&quot;"/>
  <testcase time="0" classname="Scenario: Adopting two puppies from the website" name="When I click the View Details button for &quot;Brook&quot;"/>
  <testcase time="0" classname="Scenario: Adopting two puppies from the website" name="And I click the Adopt Me! button"/>
  <testcase time="0" classname="Scenario: Adopting two puppies from the website" name="And I click on Adopt Another Puppy"/>
  <testcase time="0" classname="Scenario: Adopting two puppies from the website" name="And I click the View Details button for &quot;Hanna&quot;"/>
  <testcase time="0" classname="Scenario: Adopting two puppies from the website" name="And I click the Adopt Me! button"/>
  <testcase time="0" classname="Scenario: Adopting two puppies from the website" name="And I click the Complete the Adoption button"/>
  <testcase time="0" classname="Scenario: Adopting two puppies from the website" name="And I complete the adoption using this information &quot;Mr. Cheezy&quot;, &quot;123 Main Street&quot;, &quot;cheezy@mail.com&quot;, &quot;Check&quot;"/>
  <testcase time="0" classname="Scenario: Adopting two puppies from the website" name="Then I should see &quot;Thank you for adopting a puppy!&quot;"/>
  <testcase time="0.002" classname="Scenario: Adopting two puppies from the website" name="Scenario: Adopting two puppies from the website"/>
  <testcase time="0.001" classname="Scenario: Adopting one puppy from the website" name="Given I am on the puppy adoption site &quot;http://localhost:3000&quot;"/>
  <testcase time="0" classname="Scenario: Adopting one puppy from the website" name="When I click the View Details button for &quot;Brook&quot;"/>
  <testcase time="0" classname="Scenario: Adopting one puppy from the website" name="And I click the Adopt Me! button"/>
  <testcase time="0" classname="Scenario: Adopting one puppy from the website" name="And I click the Complete the Adoption button"/>
  <testcase time="0" classname="Scenario: Adopting one puppy from the website" name="And I complete the adoption using this information &quot;Mr. Cheezy&quot;, &quot;123 Main Street&quot;, &quot;cheezy@mail.com&quot;, &quot;Check&quot;"/>
  <testcase time="0" classname="Scenario: Adopting one puppy from the website" name="Then I should see &quot;Thank you for adopting a puppy!&quot;"/>
  <testcase time="0.001" classname="Scenario: Adopting one puppy from the website" name="Scenario: Adopting one puppy from the website"/>
  <testcase time="0" classname="Scenario: Adopting two puppies from the website" name="Given I am on the puppy adoption site &quot;http://localhost:3000&quot;"/>
  <testcase time="0" classname="Scenario: Adopting two puppies from the website" name="When I click the View Details button for &quot;Brook&quot;"/>
  <testcase time="0" classname="Scenario: Adopting two puppies from the website" name="And I click the Adopt Me! button"/>
  <testcase time="0" classname="Scenario: Adopting two puppies from the website" name="And I click on Adopt Another Puppy"/>
  <testcase time="0" classname="Scenario: Adopting two puppies from the website" name="And I click the View Details button for &quot;Hanna&quot;"/>
  <testcase time="0" classname="Scenario: Adopting two puppies from the website" name="And I click the Adopt Me! button"/>
  <testcase time="0" classname="Scenario: Adopting two puppies from the website" name="And I click the Complete the Adoption button"/>
  <testcase time="0" classname="Scenario: Adopting two puppies from the website" name="And I complete the adoption using this information &quot;Mr. Cheezy&quot;, &quot;123 Main Street&quot;, &quot;cheezy@mail.com&quot;, &quot;Check&quot;"/>
  <testcase time="0" classname="Scenario: Adopting two puppies from the website" name="Then I should see &quot;Thank you for adopting a puppy!&quot;"/>
  <testcase time="0.001" classname="Scenario: Adopting two puppies from the website" name="Scenario: Adopting two puppies from the website"/>
  <testcase time="0" classname="Scenario: Adopting one puppy from the website" name="Given I am on the puppy adoption site &quot;http://localhost:3000&quot;"/>
  <testcase time="0" classname="Scenario: Adopting one puppy from the website" name="When I click the View Details button for &quot;Brook&quot;"/>
  <testcase time="0" classname="Scenario: Adopting one puppy from the website" name="And I click the Adopt Me! button"/>
  <testcase time="0" classname="Scenario: Adopting one puppy from the website" name="And I click the Complete the Adoption button"/>
  <testcase time="0" classname="Scenario: Adopting one puppy from the website" name="And I complete the adoption with:"/>
  <testcase time="0" classname="Scenario: Adopting one puppy from the website" name="Then I should see &quot;Thank you for adopting a puppy!&quot;"/>
  <testcase time="0.001" classname="Scenario: Adopting one puppy from the website" name="Scenario: Adopting one puppy from the website"/>
  <testcase time="0" classname="Scenario: Adopting two puppies from the website" name="Given I am on the puppy adoption site &quot;http://localhost:3000&quot;"/>
  <testcase time="0.001" classname="Scenario: Adopting two puppies from the website" name="When I complete adopting these puppies:"/>
  <testcase time="0" classname="Scenario: Adopting two puppies from the website" name="And I complete the adoption using this information &quot;Mr. Cheezy&quot;, &quot;123 Main Street&quot;, &quot;cheezy@mail.com&quot;, &quot;Check&quot;"/>
  <testcase time="0" classname="Scenario: Adopting two puppies from the website" name="Then I should see &quot;Thank you for adopting a puppy!&quot;"/>
  <testcase time="0.001" classname="Scenario: Adopting two puppies from the website" name="Scenario: Adopting two puppies from the website"/>
  <testcase time="0" classname="| Brook | Check |" name="Given I am on the puppy adoption site &quot;http://localhost:3000&quot;"/>
  <testcase time="0" classname="| Brook | Check |" name="When I click the View Details button for &quot;Brook&quot;"/>
  <testcase time="0.001" classname="| Brook | Check |" name="And I click the Adopt Me! button"/>
  <testcase time="0" classname="| Brook | Check |" name="And I click the Complete the Adoption button"/>
  <testcase time="0" classname="| Brook | Check |" name="And I complete the adoption with &quot;Check&quot;:"/>
  <testcase time="0.001" classname="| Brook | Check |" name="Then I should see &quot;Thank you for adopting a puppy!&quot;"/>
  <testcase time="0.001" classname="| Brook | Check |" name="| Brook | Check |"/>
  <testcase time="0" classname="| Hanna | Credit card |" name="Given I am on the puppy adoption site &quot;http://localhost:3000&quot;"/>
  <testcase time="0" classname="| Hanna | Credit card |" name="When I click the View Details button for &quot;Hanna&quot;"/>
  <testcase time="0" classname="| Hanna | Credit card |" name="And I click the Adopt Me! button"/>
  <testcase time="0" classname="| Hanna | Credit card |" name="And I click the Complete the Adoption button"/>
  <testcase time="0" classname="| Hanna | Credit card |" name="And I complete the adoption with &quot;Credit card&quot;:"/>
  <testcase time="0" classname="| Hanna | Credit card |" name="Then I should see &quot;Thank you for adopting a puppy!&quot;"/>
  <testcase time="0" classname="| Hanna | Credit card |" name="| Hanna | Credit card |"/>
  <testcase time="0" classname="| Ruby Sue | Purchase order |" name="Given I am on the puppy adoption site &quot;http://localhost:3000&quot;"/>
  <testcase time="0" classname="| Ruby Sue | Purchase order |" name="When I click the View Details button for &quot;Ruby Sue&quot;"/>
  <testcase time="0" classname="| Ruby Sue | Purchase order |" name="And I click the Adopt Me! button"/>
  <testcase time="0.001" classname="| Ruby Sue | Purchase order |" name="And I click the Complete the Adoption button"/>
  <testcase time="0" classname="| Ruby Sue | Purchase order |" name="And I complete the adoption with &quot;Purchase order&quot;:"/>
  <testcase time="0" classname="| Ruby Sue | Purchase order |" name="Then I should see &quot;Thank you for adopting a puppy!&quot;"/>
  <testcase time="0.001" classname="| Ruby Sue | Purchase order |" name="| Ruby Sue | Purchase order |"/>
  <testcase time="0" classname="Scenario: Changing mind after adopting a puppy before pay" name="Given I am on the puppy adoption site &quot;http://localhost:3000&quot;"/>
  <testcase time="0" classname="Scenario: Changing mind after adopting a puppy before pay" name="When I click the View Details button for &quot;Brook&quot;"/>
  <testcase time="0" classname="Scenario: Changing mind after adopting a puppy before pay" name="And I click the Adopt Me! button"/>
  <testcase time="0" classname="Scenario: Changing mind after adopting a puppy before pay" name="And I click the Change your mind button and accept OK"/>
  <testcase time="0" classname="Scenario: Changing mind after adopting a puppy before pay" name="Then I should be back on the home page"/>
  <testcase time="0.001" classname="Scenario: Changing mind after adopting a puppy before pay" name="Scenario: Changing mind after adopting a puppy before pay"/>
  <testcase time="0" classname="Scenario: Adopting one puppy from the website" name="Given I am on the puppy adoption site &quot;http://localhost:3000&quot;"/>
  <testcase time="0" classname="Scenario: Adopting one puppy from the website" name="When I click the View Details button for &quot;Brook&quot;"/>
  <testcase time="0" classname="Scenario: Adopting one puppy from the website" name="And I click the Adopt Me! button"/>
  <testcase time="0" classname="Scenario: Adopting one puppy from the website" name="And I click the Complete the Adoption button"/>
  <testcase time="0" classname="Scenario: Adopting one puppy from the website" name="And I complete the adoption using no information"/>
  <testcase time="0" classname="Scenario: Adopting one puppy from the website" name="Then I should see this error message &quot;5 errors prohibited this order from being saved:&quot;"/>
  <testcase time="0.001" classname="Scenario: Adopting one puppy from the website" name="Scenario: Adopting one puppy from the website"/>
</testsuite>