<?xml version="1.0" encoding="UTF-8"?><testsuite failures="0" name="cucumber.runtime.formatter.JUnitFormatter" skipped="0" tests="1" time="11.025368">
<testcase classname="Getting errors when entering invalid payment info" name="Adopting one puppy from the website" time="11.025368">
<system-out><![CDATA[Given I am on the puppy adoption site "http://localhost:3000"...............passed
When I click the View Details button for "Brook"............................passed
And I click the Adopt Me! button............................................passed
And I click the Complete the Adoption button................................passed
And I complete the adoption using no information............................passed
Then I should see this error message "5 errors prohibited this order from being saved:".passed
]]></system-out>
</testcase>
</testsuite>
